0 info it worked if it ends with ok
1 verbose cli [ '/Users/mengzhou44/.nvm/versions/node/v4.5.0/bin/node',
1 verbose cli   '/Users/mengzhou44/.nvm/versions/node/v4.5.0/bin/npm',
1 verbose cli   'run',
1 verbose cli   'client' ]
2 info using npm@2.15.9
3 info using node@v4.5.0
4 verbose run-script [ 'preclient', 'client', 'postclient' ]
5 info preclient server@1.0.0
6 info client server@1.0.0
7 verbose unsafe-perm in lifecycle true
8 info server@1.0.0 Failed to exec client script
9 verbose stack Error: server@1.0.0 client: `npm run start --prefix client`
9 verbose stack Exit status 1
9 verbose stack     at EventEmitter.<anonymous> (/Users/mengzhou44/.nvm/versions/node/v4.5.0/lib/node_modules/npm/lib/utils/lifecycle.js:217:16)
9 verbose stack     at emitTwo (events.js:87:13)
9 verbose stack     at EventEmitter.emit (events.js:172:7)
9 verbose stack     at ChildProcess.<anonymous> (/Users/mengzhou44/.nvm/versions/node/v4.5.0/lib/node_modules/npm/lib/utils/spawn.js:24:14)
9 verbose stack     at emitTwo (events.js:87:13)
9 verbose stack     at ChildProcess.emit (events.js:172:7)
9 verbose stack     at maybeClose (internal/child_process.js:829:16)
9 verbose stack     at Process.ChildProcess._handle.onexit (internal/child_process.js:211:5)
10 verbose pkgid server@1.0.0
11 verbose cwd /Users/mengzhou44/Desktop/technologies/advanced-node-concepts/AdvancedNodeStarter
12 error Darwin 17.4.0
13 error argv "/Users/mengzhou44/.nvm/versions/node/v4.5.0/bin/node" "/Users/mengzhou44/.nvm/versions/node/v4.5.0/bin/npm" "run" "client"
14 error node v4.5.0
15 error npm  v2.15.9
16 error code ELIFECYCLE
17 error server@1.0.0 client: `npm run start --prefix client`
17 error Exit status 1
18 error Failed at the server@1.0.0 client script 'npm run start --prefix client'.
18 error This is most likely a problem with the server package,
18 error not with npm itself.
18 error Tell the author that this fails on your system:
18 error     npm run start --prefix client
18 error You can get information on how to open an issue for this project with:
18 error     npm bugs server
18 error Or if that isn't available, you can get their info via:
18 error
18 error     npm owner ls server
18 error There is likely additional logging output above.
19 verbose exit [ 1, true ]
